Using pre-set license
Built from '2020.2/release' branch; Version is '2020.2.1f1 (270dd8c3da1c) revision 2559448'; Using compiler version '192528614'; Build Type 'Release'
OS: 'Windows 10  (10.0.0) 64bit' Language: 'en' Physical Memory: 8113 MB
BatchMode: 1, IsHumanControllingUs: 0, StartBugReporterOnCrash: 0, Is64bit: 1, IsPro: 0

 COMMAND LINE ARGUMENTS:
C:\Program Files\Unity\Hub\Editor\2020.2.1f1\Editor\Unity.exe
-adb2
-batchMode
-noUpm
-name
AssetImportWorker0
-projectPath
C:/Users/Cassandra/Desktop/AlienEscapeForkedBranch/Alien-Escape
-logFile
Logs/AssetImportWorker0.log
-srvPort
56618
Successfully changed project path to: C:/Users/Cassandra/Desktop/AlienEscapeForkedBranch/Alien-Escape
C:/Users/Cassandra/Desktop/AlienEscapeForkedBranch/Alien-Escape
Using Asset Import Pipeline V2.
Refreshing native plugins compatible for Editor in 32.16 ms, found 0 plugins.
Preloading 0 native plugins for Editor in 0.00 ms.
Initialize engine version: 2020.2.1f1 (270dd8c3da1c)
[Subsystems] Discovering subsystems at path C:/Program Files/Unity/Hub/Editor/2020.2.1f1/Editor/Data/Resources/UnitySubsystems
[Subsystems] Discovering subsystems at path C:/Users/Cassandra/Desktop/AlienEscapeForkedBranch/Alien-Escape/Assets
GfxDevice: creating device client; threaded=0
Direct3D:
    Version:  Direct3D 11.0 [level 11.1]
    Renderer: Intel(R) Iris(R) Graphics 540 (ID=0x1926)
    Vendor:   
    VRAM:     4056 MB
    Driver:   24.20.100.6299
Initialize mono
Mono path[0] = 'C:/Program Files/Unity/Hub/Editor/2020.2.1f1/Editor/Data/Managed'
Mono path[1] = 'C:/Program Files/Unity/Hub/Editor/2020.2.1f1/Editor/Data/MonoBleedingEdge/lib/mono/unityjit'
Mono config path = 'C:/Program Files/Unity/Hub/Editor/2020.2.1f1/Editor/Data/MonoBleedingEdge/etc'
Using monoOptions --debugger-agent=transport=dt_socket,embedding=1,server=y,suspend=n,address=127.0.0.1:56148
Begin MonoManager ReloadAssembly
Registering precompiled unity dll's ...
Register platform support module: C:/Program Files/Unity/Hub/Editor/2020.2.1f1/Editor/Data/PlaybackEngines/WindowsStandaloneSupport/UnityEditor.WindowsStandalone.Extensions.dll
Registered in 0.005643 seconds.
Native extension for WindowsStandalone target not found
Refreshing native plugins compatible for Editor in 30.94 ms, found 0 plugins.
Preloading 0 native plugins for Editor in 0.00 ms.
Invoked RoslynAnalysisRunner static constructor.
RoslynAnalysisRunner will not be running.
RoslynAnalysisRunner has terminated.
Mono: successfully reloaded assembly
- Completed reload, in  3.517 seconds
Platform modules already initialized, skipping
Registering precompiled user dll's ...
Registered in 0.003062 seconds.
Begin MonoManager ReloadAssembly
Native extension for WindowsStandalone target not found
Refreshing native plugins compatible for Editor in 0.31 ms, found 0 plugins.
Preloading 0 native plugins for Editor in 0.00 ms.
Invoked RoslynAnalysisRunner static constructor.
RoslynAnalysisRunner will not be running.
RoslynAnalysisRunner has terminated.
Mono: successfully reloaded assembly
- Completed reload, in  1.016 seconds
Platform modules already initialized, skipping
========================================================================
Worker process is ready to serve import requests
Launched and connected shader compiler UnityShaderCompiler.exe after 0.07 seconds
Refreshing native plugins compatible for Editor in 0.26 ms, found 0 plugins.
Preloading 0 native plugins for Editor in 0.00 ms.
Unloading 1127 Unused Serialized files (Serialized files now loaded: 0)
System memory in use before: 59.2 MB.
System memory in use after: 59.2 MB.

Unloading 10 unused Assets to reduce memory usage. Loaded Objects now: 1571.
Total: 2.354100 ms (FindLiveObjects: 0.238600 ms CreateObjectMapping: 0.038700 ms MarkObjects: 1.962400 ms  DeleteObjects: 0.097100 ms)

========================================================================
Received Import Request.
  path: Assets/MenuStuff/pausescreenempty.png
  artifactKey: Guid(5b8fff83cac7c674ea20db81ab64813f) Importer(815301076,1909f56bfc062723c751e8b465ee728b)
Start importing Assets/MenuStuff/pausescreenempty.png using Guid(5b8fff83cac7c674ea20db81ab64813f) Importer(815301076,1909f56bfc062723c751e8b465ee728b)  -> (artifact id: '74b7a9a3b7069c85b19ed5dd3e952fd6') in 0.298188 seconds
  Import took 0.301436 seconds .

========================================================================
Received Import Request.
  Time since last request: 0.002068 seconds.
  path: Assets/MenuStuff/gameoverempty.png
  artifactKey: Guid(1a458b4757ea9e8449e5d2b2c1b13305) Importer(815301076,1909f56bfc062723c751e8b465ee728b)
Start importing Assets/MenuStuff/gameoverempty.png using Guid(1a458b4757ea9e8449e5d2b2c1b13305) Importer(815301076,1909f56bfc062723c751e8b465ee728b)  -> (artifact id: '0d87c4c2bf1717952c48b63fbe3a7915') in 0.047740 seconds
  Import took 0.053576 seconds .

========================================================================
Received Import Request.
  Time since last request: 0.001643 seconds.
  path: Assets/MenuStuff/about.png
  artifactKey: Guid(6e04cd476066e8f4fbbfa84e4ba0e5b6) Importer(815301076,1909f56bfc062723c751e8b465ee728b)
Start importing Assets/MenuStuff/about.png using Guid(6e04cd476066e8f4fbbfa84e4ba0e5b6) Importer(815301076,1909f56bfc062723c751e8b465ee728b)  -> (artifact id: '84509150711b56af7e1040b9d25ae089') in 0.040413 seconds
  Import took 0.045479 seconds .

========================================================================
Received Import Request.
  Time since last request: 0.002081 seconds.
  path: Assets/Scenes/MenuScene.unity
  artifactKey: Guid(5efd38ac3d6849e449955aa00b04a85e) Importer(815301076,1909f56bfc062723c751e8b465ee728b)
Start importing Assets/Scenes/MenuScene.unity using Guid(5efd38ac3d6849e449955aa00b04a85e) Importer(815301076,1909f56bfc062723c751e8b465ee728b)  -> (artifact id: 'd6bf26d3e3edc10e63d13887c5809f7f') in 0.018536 seconds
  Import took 0.022444 seconds .

========================================================================
Received Import Request.
  Time since last request: 0.001667 seconds.
  path: Assets/MenuStuff
  artifactKey: Guid(8f23d58ac1e4b31449c414f4a90ed1f9) Importer(815301076,1909f56bfc062723c751e8b465ee728b)
Start importing Assets/MenuStuff using Guid(8f23d58ac1e4b31449c414f4a90ed1f9) Importer(815301076,1909f56bfc062723c751e8b465ee728b)  -> (artifact id: '4510081d40d603bb5598aa5e817da31a') in 0.018100 seconds
  Import took 0.023909 seconds .

========================================================================
Received Import Request.
  Time since last request: 0.001579 seconds.
  path: Assets/MenuStuff/exit.png
  artifactKey: Guid(6fc515dccebf74a43a826eaa6b84a4c9) Importer(815301076,1909f56bfc062723c751e8b465ee728b)
Start importing Assets/MenuStuff/exit.png using Guid(6fc515dccebf74a43a826eaa6b84a4c9) Importer(815301076,1909f56bfc062723c751e8b465ee728b)  -> (artifact id: 'b8d7b9f702d3353eb2bbd9cc2d0d0b0a') in 0.044674 seconds
  Import took 0.049349 seconds .

========================================================================
Received Import Request.
  Time since last request: 0.001285 seconds.
  path: Assets/MenuStuff/gameover.png
  artifactKey: Guid(7ce885b36e6831944bd8c76bfab26a75) Importer(815301076,1909f56bfc062723c751e8b465ee728b)
Start importing Assets/MenuStuff/gameover.png using Guid(7ce885b36e6831944bd8c76bfab26a75) Importer(815301076,1909f56bfc062723c751e8b465ee728b)  -> (artifact id: 'd884b1c383b33456887e533bd3faaab9') in 0.044845 seconds
  Import took 0.048760 seconds .

========================================================================
Received Import Request.
  Time since last request: 0.001481 seconds.
  path: Assets/MenuStuff/winscreenempty.png
  artifactKey: Guid(4d8545701dfbfbf42af322304f9d39eb) Importer(815301076,1909f56bfc062723c751e8b465ee728b)
Start importing Assets/MenuStuff/winscreenempty.png using Guid(4d8545701dfbfbf42af322304f9d39eb) Importer(815301076,1909f56bfc062723c751e8b465ee728b)  -> (artifact id: '81aff100865865d56d091a4b4a6fb5d4') in 0.042685 seconds
  Import took 0.046971 seconds .

========================================================================
Received Import Request.
  Time since last request: 0.000466 seconds.
  path: Assets/MenuStuff/mainmenu.png
  artifactKey: Guid(a81f39ae3abf8df45ab29acad527392a) Importer(815301076,1909f56bfc062723c751e8b465ee728b)
Start importing Assets/MenuStuff/mainmenu.png using Guid(a81f39ae3abf8df45ab29acad527392a) Importer(815301076,1909f56bfc062723c751e8b465ee728b)  -> (artifact id: '073fb30aaad0ac6b0abc2490a37a76f2') in 0.044956 seconds
  Import took 0.048299 seconds .

========================================================================
Received Import Request.
  Time since last request: 0.000433 seconds.
  path: Assets/MenuStuff/resume.png
  artifactKey: Guid(c9804f77746297f458faa0b72237d597) Importer(815301076,1909f56bfc062723c751e8b465ee728b)
Start importing Assets/MenuStuff/resume.png using Guid(c9804f77746297f458faa0b72237d597) Importer(815301076,1909f56bfc062723c751e8b465ee728b)  -> (artifact id: '278a34c2fcc408e2afb8636c4b4578a1') in 0.070893 seconds
  Import took 0.074963 seconds .

========================================================================
Received Import Request.
  Time since last request: 0.000379 seconds.
  path: Assets/MenuStuff/start.png
  artifactKey: Guid(59384f95fe5e80a4389724f43e17c086) Importer(815301076,1909f56bfc062723c751e8b465ee728b)
Start importing Assets/MenuStuff/start.png using Guid(59384f95fe5e80a4389724f43e17c086) Importer(815301076,1909f56bfc062723c751e8b465ee728b)  -> (artifact id: 'ececd2a8253825e77ffb355b54f3c9fc') in 0.248053 seconds
  Import took 0.251028 seconds .

========================================================================
Received Import Request.
  Time since last request: 0.000345 seconds.
  path: Assets/MenuStuff/pausescreen.png
  artifactKey: Guid(c12303687ede2f64a94df4d572a62670) Importer(815301076,1909f56bfc062723c751e8b465ee728b)
Start importing Assets/MenuStuff/pausescreen.png using Guid(c12303687ede2f64a94df4d572a62670) Importer(815301076,1909f56bfc062723c751e8b465ee728b)  -> (artifact id: '6476af31946c840db1106a9cc7a0b34f') in 0.074753 seconds
  Import took 0.078565 seconds .

========================================================================
Received Import Request.
  Time since last request: 0.000553 seconds.
  path: Assets/MenuStuff/AlienEscapeMenu.png
  artifactKey: Guid(74ab209af1a411a4e8c90e9013e70935) Importer(815301076,1909f56bfc062723c751e8b465ee728b)
Start importing Assets/MenuStuff/AlienEscapeMenu.png using Guid(74ab209af1a411a4e8c90e9013e70935) Importer(815301076,1909f56bfc062723c751e8b465ee728b)  -> (artifact id: '8f9478705a114040eb871a9e96faa4ac') in 0.080061 seconds
  Import took 0.084430 seconds .

========================================================================
Received Prepare
Refreshing native plugins compatible for Editor in 1.81 ms, found 0 plugins.
Preloading 0 native plugins for Editor in 0.00 ms.
Unloading 3 Unused Serialized files (Serialized files now loaded: 0)
System memory in use before: 40.5 MB.
System memory in use after: 40.6 MB.

Unloading 3 unused Assets to reduce memory usage. Loaded Objects now: 1590.
Total: 2.989900 ms (FindLiveObjects: 0.436300 ms CreateObjectMapping: 0.069500 ms MarkObjects: 2.407300 ms  DeleteObjects: 0.075000 ms)

========================================================================
Received Import Request.
  Time since last request: 864.737894 seconds.
  path: Assets/Sounds/DetectedMusic.ogg
  artifactKey: Guid(74af25d73c32d144e9fac0bfeb5496f6) Importer(815301076,1909f56bfc062723c751e8b465ee728b)
Start importing Assets/Sounds/DetectedMusic.ogg using Guid(74af25d73c32d144e9fac0bfeb5496f6) Importer(815301076,1909f56bfc062723c751e8b465ee728b)  -> (artifact id: '3af7e748a835c93d8d2f84df21d6cc4c') in 0.104351 seconds
  Import took 0.110002 seconds .

========================================================================
Received Import Request.
  Time since last request: 0.000638 seconds.
  path: Assets/Sounds/NotDetectedMusic.ogg
  artifactKey: Guid(947984122966ce440be53b369dbf4ac7) Importer(815301076,1909f56bfc062723c751e8b465ee728b)
Start importing Assets/Sounds/NotDetectedMusic.ogg using Guid(947984122966ce440be53b369dbf4ac7) Importer(815301076,1909f56bfc062723c751e8b465ee728b)  -> (artifact id: '916646db61679c0da2746641f97bd75d') in 0.057101 seconds
  Import took 0.061560 seconds .

========================================================================
Received Import Request.
  Time since last request: 0.001491 seconds.
  path: Assets/Sounds/RobotDetect.ogg
  artifactKey: Guid(2780a875171dd474aa6101f0c36ae167) Importer(815301076,1909f56bfc062723c751e8b465ee728b)
Start importing Assets/Sounds/RobotDetect.ogg using Guid(2780a875171dd474aa6101f0c36ae167) Importer(815301076,1909f56bfc062723c751e8b465ee728b)  -> (artifact id: '179732825e70f78e1d60d03308295805') in 0.046245 seconds
  Import took 0.052097 seconds .

========================================================================
Received Import Request.
  Time since last request: 0.000665 seconds.
  path: Assets/Sounds/WinMusic.ogg
  artifactKey: Guid(0c6bd1514486fc44d851bbabb447b6ef) Importer(815301076,1909f56bfc062723c751e8b465ee728b)
Start importing Assets/Sounds/WinMusic.ogg using Guid(0c6bd1514486fc44d851bbabb447b6ef) Importer(815301076,1909f56bfc062723c751e8b465ee728b)  -> (artifact id: '5ac0817f6905c25c5743e99b85118f68') in 0.049689 seconds
  Import took 0.053287 seconds .

========================================================================
Received Import Request.
  Time since last request: 0.000461 seconds.
  path: Assets/Sounds/PickUpSound.mp3
  artifactKey: Guid(1efaf47fa57fcb447a050dc40cf60f00) Importer(815301076,1909f56bfc062723c751e8b465ee728b)
Start importing Assets/Sounds/PickUpSound.mp3 using Guid(1efaf47fa57fcb447a050dc40cf60f00) Importer(815301076,1909f56bfc062723c751e8b465ee728b)  -> (artifact id: 'a620703ccc67bf6e1141ff1b958c676e') in 0.053057 seconds
  Import took 0.057995 seconds .

========================================================================
Received Import Request.
  Time since last request: 0.000474 seconds.
  path: Assets/Sounds/MenuMusic.ogg
  artifactKey: Guid(0a2de25876b51ce438f43ac3a9354be9) Importer(815301076,1909f56bfc062723c751e8b465ee728b)
Start importing Assets/Sounds/MenuMusic.ogg using Guid(0a2de25876b51ce438f43ac3a9354be9) Importer(815301076,1909f56bfc062723c751e8b465ee728b)  -> (artifact id: '79ca4f7a749a2e16e06f1c3b64814c42') in 0.047697 seconds
  Import took 0.051533 seconds .

========================================================================
Received Import Request.
  Time since last request: 0.000526 seconds.
  path: Assets/Sounds/MenuClick.ogg
  artifactKey: Guid(b63351ab881e6684dba8d14768b77196) Importer(815301076,1909f56bfc062723c751e8b465ee728b)
Start importing Assets/Sounds/MenuClick.ogg using Guid(b63351ab881e6684dba8d14768b77196) Importer(815301076,1909f56bfc062723c751e8b465ee728b)  -> (artifact id: 'ef90fa08fa4bdb11dbf6b63e52b6ada6') in 0.040680 seconds
  Import took 0.048278 seconds .

========================================================================
Received Import Request.
  Time since last request: 0.000572 seconds.
  path: Assets/Sounds/GameOverMusic.mp3
  artifactKey: Guid(db0b55a5a9c559a47ba7e842a774943a) Importer(815301076,1909f56bfc062723c751e8b465ee728b)
Start importing Assets/Sounds/GameOverMusic.mp3 using Guid(db0b55a5a9c559a47ba7e842a774943a) Importer(815301076,1909f56bfc062723c751e8b465ee728b)  -> (artifact id: '6381db0265b14809a79da66bde2131aa') in 0.054643 seconds
  Import took 0.058758 seconds .

========================================================================
Received Import Request.
  Time since last request: 0.000498 seconds.
  path: Assets/Sounds/ExtraMusic.ogg
  artifactKey: Guid(a482035d78e826347aa0db8d54cc6421) Importer(815301076,1909f56bfc062723c751e8b465ee728b)
Start importing Assets/Sounds/ExtraMusic.ogg using Guid(a482035d78e826347aa0db8d54cc6421) Importer(815301076,1909f56bfc062723c751e8b465ee728b)  -> (artifact id: '760efe5421bd4e4783ccc0151382f8ef') in 0.040814 seconds
  Import took 0.046426 seconds .

========================================================================
Received Prepare
Registering precompiled user dll's ...
Registered in 0.001295 seconds.
Begin MonoManager ReloadAssembly
Native extension for WindowsStandalone target not found
Refreshing native plugins compatible for Editor in 0.27 ms, found 0 plugins.
Preloading 0 native plugins for Editor in 0.00 ms.
Invoked RoslynAnalysisRunner static constructor.
RoslynAnalysisRunner will not be running.
RoslynAnalysisRunner has terminated.
Mono: successfully reloaded assembly
- Completed reload, in  1.560 seconds
Platform modules already initialized, skipping
Refreshing native plugins compatible for Editor in 0.27 ms, found 0 plugins.
Preloading 0 native plugins for Editor in 0.00 ms.
Unloading 1122 Unused Serialized files (Serialized files now loaded: 0)
System memory in use before: 63.6 MB.
System memory in use after: 63.7 MB.

Unloading 5 unused Assets to reduce memory usage. Loaded Objects now: 1598.
Total: 3.175600 ms (FindLiveObjects: 0.221500 ms CreateObjectMapping: 0.111900 ms MarkObjects: 2.740000 ms  DeleteObjects: 0.100700 ms)

========================================================================
Received Prepare
Refreshing native plugins compatible for Editor in 2.00 ms, found 0 plugins.
Preloading 0 native plugins for Editor in 0.00 ms.
Unloading 3 Unused Serialized files (Serialized files now loaded: 0)
System memory in use before: 41.5 MB.
System memory in use after: 41.6 MB.

Unloading 3 unused Assets to reduce memory usage. Loaded Objects now: 1598.
Total: 4.713400 ms (FindLiveObjects: 0.654100 ms CreateObjectMapping: 1.510500 ms MarkObjects: 2.475100 ms  DeleteObjects: 0.072100 ms)

========================================================================
Received Prepare
Registering precompiled user dll's ...
Registered in 0.002219 seconds.
Begin MonoManager ReloadAssembly
Native extension for WindowsStandalone target not found
Refreshing native plugins compatible for Editor in 0.44 ms, found 0 plugins.
Preloading 0 native plugins for Editor in 0.00 ms.
Invoked RoslynAnalysisRunner static constructor.
RoslynAnalysisRunner will not be running.
RoslynAnalysisRunner has terminated.
Mono: successfully reloaded assembly
- Completed reload, in  7.289 seconds
Platform modules already initialized, skipping
Refreshing native plugins compatible for Editor in 0.40 ms, found 0 plugins.
Preloading 0 native plugins for Editor in 0.00 ms.
Unloading 1122 Unused Serialized files (Serialized files now loaded: 0)
System memory in use before: 63.7 MB.
System memory in use after: 63.8 MB.

Unloading 5 unused Assets to reduce memory usage. Loaded Objects now: 1600.
Total: 11.400400 ms (FindLiveObjects: 0.236400 ms CreateObjectMapping: 0.069900 ms MarkObjects: 10.981000 ms  DeleteObjects: 0.110600 ms)

========================================================================
Received Prepare
Refreshing native plugins compatible for Editor in 1.19 ms, found 0 plugins.
Preloading 0 native plugins for Editor in 0.00 ms.
Unloading 3 Unused Serialized files (Serialized files now loaded: 0)
System memory in use before: 41.4 MB.
System memory in use after: 41.4 MB.

Unloading 3 unused Assets to reduce memory usage. Loaded Objects now: 1600.
Total: 2.894400 ms (FindLiveObjects: 0.396200 ms CreateObjectMapping: 0.065700 ms MarkObjects: 2.341800 ms  DeleteObjects: 0.089000 ms)

========================================================================
Received Prepare
Registering precompiled user dll's ...
Registered in 0.001702 seconds.
Begin MonoManager ReloadAssembly
Native extension for WindowsStandalone target not found
Refreshing native plugins compatible for Editor in 0.40 ms, found 0 plugins.
Preloading 0 native plugins for Editor in 0.00 ms.
Invoked RoslynAnalysisRunner static constructor.
RoslynAnalysisRunner will not be running.
RoslynAnalysisRunner has terminated.
Mono: successfully reloaded assembly
- Completed reload, in  1.459 seconds
Platform modules already initialized, skipping
Refreshing native plugins compatible for Editor in 0.42 ms, found 0 plugins.
Preloading 0 native plugins for Editor in 0.00 ms.
Unloading 1122 Unused Serialized files (Serialized files now loaded: 0)
System memory in use before: 63.7 MB.
System memory in use after: 63.8 MB.

Unloading 5 unused Assets to reduce memory usage. Loaded Objects now: 1602.
Total: 9.378700 ms (FindLiveObjects: 4.656400 ms CreateObjectMapping: 0.138100 ms MarkObjects: 3.995200 ms  DeleteObjects: 0.586900 ms)

========================================================================
Received Prepare
Registering precompiled user dll's ...
Registered in 0.001100 seconds.
Begin MonoManager ReloadAssembly
Native extension for WindowsStandalone target not found
Refreshing native plugins compatible for Editor in 0.39 ms, found 0 plugins.
Preloading 0 native plugins for Editor in 0.00 ms.
Invoked RoslynAnalysisRunner static constructor.
RoslynAnalysisRunner will not be running.
RoslynAnalysisRunner has terminated.
Mono: successfully reloaded assembly
- Completed reload, in  1.488 seconds
Platform modules already initialized, skipping
Refreshing native plugins compatible for Editor in 0.26 ms, found 0 plugins.
Preloading 0 native plugins for Editor in 0.00 ms.
Unloading 1122 Unused Serialized files (Serialized files now loaded: 0)
System memory in use before: 63.7 MB.
System memory in use after: 63.8 MB.

Unloading 5 unused Assets to reduce memory usage. Loaded Objects now: 1604.
Total: 2.327600 ms (FindLiveObjects: 0.193200 ms CreateObjectMapping: 0.059700 ms MarkObjects: 1.961900 ms  DeleteObjects: 0.111000 ms)

========================================================================
Received Prepare
Registering precompiled user dll's ...
Registered in 0.001942 seconds.
Begin MonoManager ReloadAssembly
Native extension for WindowsStandalone target not found
Refreshing native plugins compatible for Editor in 0.46 ms, found 0 plugins.
Preloading 0 native plugins for Editor in 0.00 ms.
Invoked RoslynAnalysisRunner static constructor.
RoslynAnalysisRunner will not be running.
RoslynAnalysisRunner has terminated.
Mono: successfully reloaded assembly
- Completed reload, in  4.472 seconds
Platform modules already initialized, skipping
Refreshing native plugins compatible for Editor in 0.29 ms, found 0 plugins.
Preloading 0 native plugins for Editor in 0.00 ms.
Unloading 1122 Unused Serialized files (Serialized files now loaded: 0)
System memory in use before: 63.5 MB.
System memory in use after: 63.6 MB.

Unloading 5 unused Assets to reduce memory usage. Loaded Objects now: 1606.
Total: 2.876900 ms (FindLiveObjects: 0.196900 ms CreateObjectMapping: 0.056700 ms MarkObjects: 2.540100 ms  DeleteObjects: 0.081200 ms)

========================================================================
Received Prepare
Refreshing native plugins compatible for Editor in 2.07 ms, found 0 plugins.
Preloading 0 native plugins for Editor in 0.00 ms.
Unloading 3 Unused Serialized files (Serialized files now loaded: 0)
System memory in use before: 41.5 MB.
System memory in use after: 41.6 MB.

Unloading 3 unused Assets to reduce memory usage. Loaded Objects now: 1606.
Total: 2.417900 ms (FindLiveObjects: 0.203400 ms CreateObjectMapping: 0.081300 ms MarkObjects: 2.035500 ms  DeleteObjects: 0.095900 ms)

========================================================================
Received Prepare
Refreshing native plugins compatible for Editor in 1.20 ms, found 0 plugins.
Preloading 0 native plugins for Editor in 0.00 ms.
Unloading 3 Unused Serialized files (Serialized files now loaded: 0)
System memory in use before: 41.5 MB.
System memory in use after: 41.6 MB.

Unloading 3 unused Assets to reduce memory usage. Loaded Objects now: 1606.
Total: 5.128600 ms (FindLiveObjects: 0.349100 ms CreateObjectMapping: 0.100900 ms MarkObjects: 4.528800 ms  DeleteObjects: 0.147400 ms)

========================================================================
Received Prepare
Refreshing native plugins compatible for Editor in 1.59 ms, found 0 plugins.
Preloading 0 native plugins for Editor in 0.00 ms.
Unloading 3 Unused Serialized files (Serialized files now loaded: 0)
System memory in use before: 41.2 MB.
System memory in use after: 41.3 MB.

Unloading 3 unused Assets to reduce memory usage. Loaded Objects now: 1606.
Total: 4.944600 ms (FindLiveObjects: 0.271700 ms CreateObjectMapping: 0.071400 ms MarkObjects: 4.478900 ms  DeleteObjects: 0.120100 ms)

========================================================================
Received Prepare
Refreshing native plugins compatible for Editor in 1.54 ms, found 0 plugins.
Preloading 0 native plugins for Editor in 0.00 ms.
Unloading 3 Unused Serialized files (Serialized files now loaded: 0)
System memory in use before: 41.5 MB.
System memory in use after: 41.6 MB.

Unloading 3 unused Assets to reduce memory usage. Loaded Objects now: 1606.
Total: 2.915900 ms (FindLiveObjects: 0.240600 ms CreateObjectMapping: 0.075500 ms MarkObjects: 2.505100 ms  DeleteObjects: 0.092900 ms)

========================================================================
Received Prepare
Refreshing native plugins compatible for Editor in 1.29 ms, found 0 plugins.
Preloading 0 native plugins for Editor in 0.00 ms.
Unloading 3 Unused Serialized files (Serialized files now loaded: 0)
System memory in use before: 41.5 MB.
System memory in use after: 41.6 MB.

Unloading 3 unused Assets to reduce memory usage. Loaded Objects now: 1606.
Total: 2.735400 ms (FindLiveObjects: 0.236700 ms CreateObjectMapping: 0.068000 ms MarkObjects: 2.335100 ms  DeleteObjects: 0.093200 ms)

========================================================================
Received Prepare
Refreshing native plugins compatible for Editor in 2.45 ms, found 0 plugins.
Preloading 0 native plugins for Editor in 0.00 ms.
Unloading 3 Unused Serialized files (Serialized files now loaded: 0)
System memory in use before: 41.5 MB.
System memory in use after: 41.6 MB.

Unloading 3 unused Assets to reduce memory usage. Loaded Objects now: 1606.
Total: 4.314600 ms (FindLiveObjects: 0.519000 ms CreateObjectMapping: 0.240700 ms MarkObjects: 3.464400 ms  DeleteObjects: 0.088800 ms)

========================================================================
Received Prepare
Refreshing native plugins compatible for Editor in 1.07 ms, found 0 plugins.
Preloading 0 native plugins for Editor in 0.00 ms.
Unloading 3 Unused Serialized files (Serialized files now loaded: 0)
System memory in use before: 41.5 MB.
System memory in use after: 41.6 MB.

Unloading 3 unused Assets to reduce memory usage. Loaded Objects now: 1606.
Total: 3.077700 ms (FindLiveObjects: 0.237100 ms CreateObjectMapping: 0.131500 ms MarkObjects: 2.623700 ms  DeleteObjects: 0.083300 ms)

AssetImportWorkerClient::OnTransportError - code=2 error=End of file
