Using pre-set license
Built from '2020.2/release' branch; Version is '2020.2.1f1 (270dd8c3da1c) revision 2559448'; Using compiler version '192528614'; Build Type 'Release'
OS: 'Windows 10  (10.0.0) 64bit' Language: 'en' Physical Memory: 8091 MB
BatchMode: 1, IsHumanControllingUs: 0, StartBugReporterOnCrash: 0, Is64bit: 1, IsPro: 0

 COMMAND LINE ARGUMENTS:
E:\Unity Versions\2020.2.1f1\Editor\Unity.exe
-adb2
-batchMode
-noUpm
-name
AssetImportWorker0
-projectPath
C:/Users/super/Desktop/My-Version/Alien-Escape
-logFile
Logs/AssetImportWorker0.log
-srvPort
61536
Successfully changed project path to: C:/Users/super/Desktop/My-Version/Alien-Escape
C:/Users/super/Desktop/My-Version/Alien-Escape
Using Asset Import Pipeline V2.
Refreshing native plugins compatible for Editor in 29.03 ms, found 0 plugins.
Preloading 0 native plugins for Editor in 0.00 ms.
Initialize engine version: 2020.2.1f1 (270dd8c3da1c)
[Subsystems] Discovering subsystems at path E:/Unity Versions/2020.2.1f1/Editor/Data/Resources/UnitySubsystems
[Subsystems] Discovering subsystems at path C:/Users/super/Desktop/My-Version/Alien-Escape/Assets
GfxDevice: creating device client; threaded=0
Direct3D:
    Version:  Direct3D 11.0 [level 11.1]
    Renderer: NVIDIA GeForce GTX 970M (ID=0x13d8)
    Vendor:   
    VRAM:     3029 MB
    Driver:   27.21.14.6140
Initialize mono
Mono path[0] = 'E:/Unity Versions/2020.2.1f1/Editor/Data/Managed'
Mono path[1] = 'E:/Unity Versions/2020.2.1f1/Editor/Data/MonoBleedingEdge/lib/mono/unityjit'
Mono config path = 'E:/Unity Versions/2020.2.1f1/Editor/Data/MonoBleedingEdge/etc'
Using monoOptions --debugger-agent=transport=dt_socket,embedding=1,server=y,suspend=n,address=127.0.0.1:56444
Begin MonoManager ReloadAssembly
Registering precompiled unity dll's ...
Register platform support module: E:/Unity Versions/2020.2.1f1/Editor/Data/PlaybackEngines/WebGLSupport/UnityEditor.WebGL.Extensions.dll
Register platform support module: E:/Unity Versions/2020.2.1f1/Editor/Data/PlaybackEngines/WindowsStandaloneSupport/UnityEditor.WindowsStandalone.Extensions.dll
Registered in 0.003692 seconds.
Native extension for WindowsStandalone target not found
Native extension for WebGL target not found
Refreshing native plugins compatible for Editor in 28.03 ms, found 0 plugins.
Preloading 0 native plugins for Editor in 0.00 ms.
Invoked RoslynAnalysisRunner static constructor.
RoslynAnalysisRunner will not be running.
RoslynAnalysisRunner has terminated.
Mono: successfully reloaded assembly
- Completed reload, in  1.513 seconds
Platform modules already initialized, skipping
Registering precompiled user dll's ...
Registered in 0.000864 seconds.
Begin MonoManager ReloadAssembly
Native extension for WindowsStandalone target not found
Native extension for WebGL target not found
Refreshing native plugins compatible for Editor in 0.23 ms, found 0 plugins.
Preloading 0 native plugins for Editor in 0.00 ms.
Invoked RoslynAnalysisRunner static constructor.
RoslynAnalysisRunner will not be running.
RoslynAnalysisRunner has terminated.
Mono: successfully reloaded assembly
- Completed reload, in  1.034 seconds
Platform modules already initialized, skipping
========================================================================
Worker process is ready to serve import requests
Launched and connected shader compiler UnityShaderCompiler.exe after 0.10 seconds
Refreshing native plugins compatible for Editor in 0.22 ms, found 0 plugins.
Preloading 0 native plugins for Editor in 0.00 ms.
Unloading 1096 Unused Serialized files (Serialized files now loaded: 0)
System memory in use before: 56.8 MB.
System memory in use after: 56.9 MB.

Unloading 10 unused Assets to reduce memory usage. Loaded Objects now: 1538.
Total: 2.240800 ms (FindLiveObjects: 0.279900 ms CreateObjectMapping: 0.049200 ms MarkObjects: 1.816900 ms  DeleteObjects: 0.093600 ms)

========================================================================
Received Import Request.
  path: Assets/Models/Robot.fbx
  artifactKey: Guid(667764d4945a24e4a8922f1a323f7203) Importer(815301076,1909f56bfc062723c751e8b465ee728b)
Start importing Assets/Models/Robot.fbx using Guid(667764d4945a24e4a8922f1a323f7203) Importer(815301076,1909f56bfc062723c751e8b465ee728b)  -> (artifact id: 'd7389a2743a68b28155b13d6773d155d') in 0.391511 seconds
  Import took 0.394553 seconds .

========================================================================
Received Import Request.
  Time since last request: 0.000844 seconds.
  path: Assets/Models/BioSensor.fbx
  artifactKey: Guid(f02f4e406ed99db4b82f8fa889636036) Importer(815301076,1909f56bfc062723c751e8b465ee728b)
Start importing Assets/Models/BioSensor.fbx using Guid(f02f4e406ed99db4b82f8fa889636036) Importer(815301076,1909f56bfc062723c751e8b465ee728b)  -> (artifact id: 'ad2d6768d60383d8d600c9978ef5e5fa') in 0.098958 seconds
  Import took 0.102237 seconds .

========================================================================
Received Import Request.
  Time since last request: 47.991908 seconds.
  path: Assets/Models/Level/Hallway_Floor.fbx
  artifactKey: Guid(a4afbf745389b1b46a8ff2131bf4980b) Importer(815301076,1909f56bfc062723c751e8b465ee728b)
Start importing Assets/Models/Level/Hallway_Floor.fbx using Guid(a4afbf745389b1b46a8ff2131bf4980b) Importer(815301076,1909f56bfc062723c751e8b465ee728b)  -> (artifact id: '598245a7b7a1a304426749e14b6cc446') in 0.012592 seconds
  Import took 0.019143 seconds .

========================================================================
Received Import Request.
  Time since last request: 0.000457 seconds.
  path: Assets/Models/Level/Room_1.fbx
  artifactKey: Guid(1553be20585382f468c2308ccd8c8588) Importer(815301076,1909f56bfc062723c751e8b465ee728b)
Start importing Assets/Models/Level/Room_1.fbx using Guid(1553be20585382f468c2308ccd8c8588) Importer(815301076,1909f56bfc062723c751e8b465ee728b)  -> (artifact id: '49100f5a598b8ae9f8cfe4a2a2d58c20') in 0.011349 seconds
  Import took 0.016186 seconds .

========================================================================
Received Import Request.
  Time since last request: 42.822078 seconds.
  path: Assets/Models/Level/Hallway_Floor.fbx
  artifactKey: Guid(a4afbf745389b1b46a8ff2131bf4980b) Importer(815301076,1909f56bfc062723c751e8b465ee728b)
Start importing Assets/Models/Level/Hallway_Floor.fbx using Guid(a4afbf745389b1b46a8ff2131bf4980b) Importer(815301076,1909f56bfc062723c751e8b465ee728b)  -> (artifact id: '93f5f685c8090d59b34072996a87e461') in 0.084846 seconds
  Import took 0.095032 seconds .

========================================================================
Received Import Request.
  Time since last request: 23.484401 seconds.
  path: Assets/Models/Level/Hallway_Floor.fbx
  artifactKey: Guid(a4afbf745389b1b46a8ff2131bf4980b) Importer(815301076,1909f56bfc062723c751e8b465ee728b)
Start importing Assets/Models/Level/Hallway_Floor.fbx using Guid(a4afbf745389b1b46a8ff2131bf4980b) Importer(815301076,1909f56bfc062723c751e8b465ee728b)  -> (artifact id: 'c440ff3f422a5b455a9f223dacbbaf48') in 0.057366 seconds
  Import took 0.062211 seconds .

========================================================================
Received Import Request.
  Time since last request: 19.473365 seconds.
  path: Assets/Models/Level/Hallway_Floor.fbx
  artifactKey: Guid(a4afbf745389b1b46a8ff2131bf4980b) Importer(815301076,1909f56bfc062723c751e8b465ee728b)
Start importing Assets/Models/Level/Hallway_Floor.fbx using Guid(a4afbf745389b1b46a8ff2131bf4980b) Importer(815301076,1909f56bfc062723c751e8b465ee728b)  -> (artifact id: 'a3cf2b1e668e201ae73963b5e41aa7b0') in 0.042837 seconds
  Import took 0.049830 seconds .

========================================================================
Received Import Request.
  Time since last request: 26.631446 seconds.
  path: Assets/Models/Level/Robot.fbx
  artifactKey: Guid(1721b2563c99dd44c9ff88ef11b6207b) Importer(815301076,1909f56bfc062723c751e8b465ee728b)
Start importing Assets/Models/Level/Robot.fbx using Guid(1721b2563c99dd44c9ff88ef11b6207b) Importer(815301076,1909f56bfc062723c751e8b465ee728b)  -> (artifact id: '0c3064ca51f0468067eeae461a3782bc') in 0.127701 seconds
  Import took 0.131379 seconds .

========================================================================
Received Import Request.
  Time since last request: 50.166812 seconds.
  path: Assets/Models/Robot.fbx
  artifactKey: Guid(1721b2563c99dd44c9ff88ef11b6207b) Importer(815301076,1909f56bfc062723c751e8b465ee728b)
Start importing Assets/Models/Robot.fbx using Guid(1721b2563c99dd44c9ff88ef11b6207b) Importer(815301076,1909f56bfc062723c751e8b465ee728b)  -> (artifact id: '6f1e4479119a285f3d3021838695a3bf') in 0.127213 seconds
  Import took 0.134026 seconds .

========================================================================
Received Import Request.
  Time since last request: 15.754926 seconds.
  path: Assets/Models/Robot.fbx
  artifactKey: Guid(1721b2563c99dd44c9ff88ef11b6207b) Importer(815301076,1909f56bfc062723c751e8b465ee728b)
Start importing Assets/Models/Robot.fbx using Guid(1721b2563c99dd44c9ff88ef11b6207b) Importer(815301076,1909f56bfc062723c751e8b465ee728b)  -> (artifact id: '55b5179cf3269aea81a1f1196d9eb18f') in 0.113496 seconds
  Import took 0.117396 seconds .

========================================================================
Received Import Request.
  Time since last request: 93.908670 seconds.
  path: Assets/Models/Pipes.fbx
  artifactKey: Guid(922b1fd8717ecbf4f9db5f0e2f0cf6c1) Importer(815301076,1909f56bfc062723c751e8b465ee728b)
Start importing Assets/Models/Pipes.fbx using Guid(922b1fd8717ecbf4f9db5f0e2f0cf6c1) Importer(815301076,1909f56bfc062723c751e8b465ee728b)  -> (artifact id: '58cd47b77a8f38bdb193d32e266a7066') in 0.080787 seconds
  Import took 0.084360 seconds .

========================================================================
Received Import Request.
  Time since last request: 19.868509 seconds.
  path: Assets/Models/Level/Room_1.fbx
  artifactKey: Guid(1553be20585382f468c2308ccd8c8588) Importer(815301076,1909f56bfc062723c751e8b465ee728b)
Start importing Assets/Models/Level/Room_1.fbx using Guid(1553be20585382f468c2308ccd8c8588) Importer(815301076,1909f56bfc062723c751e8b465ee728b)  -> (artifact id: '956084f15d180f00393cb317330e69e9') in 0.369098 seconds
  Import took 0.374297 seconds .

========================================================================
Received Import Request.
  Time since last request: 7.814138 seconds.
  path: Assets/Models/Level/room_3_floor.fbx
  artifactKey: Guid(484613c27399d544586453abff51acaa) Importer(815301076,1909f56bfc062723c751e8b465ee728b)
Start importing Assets/Models/Level/room_3_floor.fbx using Guid(484613c27399d544586453abff51acaa) Importer(815301076,1909f56bfc062723c751e8b465ee728b)  -> (artifact id: 'd125d7d3ff63220def2b6cb8cc04236b') in 0.058046 seconds
  Import took 0.064236 seconds .

========================================================================
Received Import Request.
  Time since last request: 12.534313 seconds.
  path: Assets/Models/Level/Room_1.fbx
  artifactKey: Guid(1553be20585382f468c2308ccd8c8588) Importer(815301076,1909f56bfc062723c751e8b465ee728b)
Start importing Assets/Models/Level/Room_1.fbx using Guid(1553be20585382f468c2308ccd8c8588) Importer(815301076,1909f56bfc062723c751e8b465ee728b)  -> (artifact id: '40a0bdaaae1efea14b727510b84586e5') in 0.062472 seconds
  Import took 0.067276 seconds .

========================================================================
Received Import Request.
  Time since last request: 8.731002 seconds.
  path: Assets/Models/Level/Room_1.fbx
  artifactKey: Guid(1553be20585382f468c2308ccd8c8588) Importer(815301076,1909f56bfc062723c751e8b465ee728b)
Start importing Assets/Models/Level/Room_1.fbx using Guid(1553be20585382f468c2308ccd8c8588) Importer(815301076,1909f56bfc062723c751e8b465ee728b)  -> (artifact id: 'b6cdda93f7aa34bee3ab247a3134bed0') in 0.039168 seconds
  Import took 0.044472 seconds .

========================================================================
Received Import Request.
  Time since last request: 11.198372 seconds.
  path: Assets/Models/Level/room_3_floor.fbx
  artifactKey: Guid(484613c27399d544586453abff51acaa) Importer(815301076,1909f56bfc062723c751e8b465ee728b)
Start importing Assets/Models/Level/room_3_floor.fbx using Guid(484613c27399d544586453abff51acaa) Importer(815301076,1909f56bfc062723c751e8b465ee728b)  -> (artifact id: '2297d2f164c6915900c134fca5e817f9') in 0.056626 seconds
  Import took 0.061620 seconds .

========================================================================
Received Import Request.
  Time since last request: 7.934174 seconds.
  path: Assets/Models/Level/room_3_floor.fbx
  artifactKey: Guid(484613c27399d544586453abff51acaa) Importer(815301076,1909f56bfc062723c751e8b465ee728b)
Start importing Assets/Models/Level/room_3_floor.fbx using Guid(484613c27399d544586453abff51acaa) Importer(815301076,1909f56bfc062723c751e8b465ee728b)  -> (artifact id: '355eb6b255769e2a21179546c3ebe481') in 0.040106 seconds
  Import took 0.045090 seconds .

========================================================================
Received Import Request.
  Time since last request: 24.789829 seconds.
  path: Assets/Models/BioSensor.fbx
  artifactKey: Guid(f02f4e406ed99db4b82f8fa889636036) Importer(815301076,1909f56bfc062723c751e8b465ee728b)
Start importing Assets/Models/BioSensor.fbx using Guid(f02f4e406ed99db4b82f8fa889636036) Importer(815301076,1909f56bfc062723c751e8b465ee728b)  -> (artifact id: 'caf7562e4f59eff1d508c34ad9d4d7ee') in 0.111175 seconds
  Import took 0.115510 seconds .

========================================================================
Received Import Request.
  Time since last request: 7.495366 seconds.
  path: Assets/Materials(textures)/aiStandardSurface1.mat
  artifactKey: Guid(b6f1a204d9e61e94291743163d96fbb3) Importer(815301076,1909f56bfc062723c751e8b465ee728b)
Start importing Assets/Materials(textures)/aiStandardSurface1.mat using Guid(b6f1a204d9e61e94291743163d96fbb3) Importer(815301076,1909f56bfc062723c751e8b465ee728b)  -> (artifact id: 'fda349fb2c813c44001088e19d7288ae') in 0.071897 seconds
  Import took 0.074862 seconds .

========================================================================
Received Import Request.
  Time since last request: 0.000322 seconds.
  path: Assets/Materials(textures)/Floor_Mat.mat
  artifactKey: Guid(8ab243b4307f52e4bb4641b0034d4552) Importer(815301076,1909f56bfc062723c751e8b465ee728b)
Start importing Assets/Materials(textures)/Floor_Mat.mat using Guid(8ab243b4307f52e4bb4641b0034d4552) Importer(815301076,1909f56bfc062723c751e8b465ee728b)  -> (artifact id: '4687e5f5056423cb287a2f683e2f7bdf') in 0.022088 seconds
  Import took 0.025133 seconds .

========================================================================
Received Import Request.
  Time since last request: 0.000303 seconds.
  path: Assets/Materials(textures)/Robo_Body.tga
  artifactKey: Guid(26c5822ab55e31c43ae0cd32eec84271) Importer(815301076,1909f56bfc062723c751e8b465ee728b)
Start importing Assets/Materials(textures)/Robo_Body.tga using Guid(26c5822ab55e31c43ae0cd32eec84271) Importer(815301076,1909f56bfc062723c751e8b465ee728b)  -> (artifact id: '2ffa6c2896de54900768321e5ef6f807') in 0.053730 seconds
  Import took 0.057296 seconds .

========================================================================
Received Import Request.
  Time since last request: 0.000437 seconds.
  path: Assets/Materials(textures)/Body_Mat.mat
  artifactKey: Guid(359b183be7363e84ebb3d4e6b8c3a6a5) Importer(815301076,1909f56bfc062723c751e8b465ee728b)
Start importing Assets/Materials(textures)/Body_Mat.mat using Guid(359b183be7363e84ebb3d4e6b8c3a6a5) Importer(815301076,1909f56bfc062723c751e8b465ee728b)  -> (artifact id: '9ecb1d04a74407e25761eab0e8cfa319') in 0.025086 seconds
  Import took 0.027873 seconds .

========================================================================
Received Import Request.
  Time since last request: 0.000427 seconds.
  path: Assets/Materials(textures)/Robo_Head.tga
  artifactKey: Guid(f7e6e1e2d2c5d2343a61701b4cc8e0ad) Importer(815301076,1909f56bfc062723c751e8b465ee728b)
Start importing Assets/Materials(textures)/Robo_Head.tga using Guid(f7e6e1e2d2c5d2343a61701b4cc8e0ad) Importer(815301076,1909f56bfc062723c751e8b465ee728b)  -> (artifact id: 'b0e9df2318a5d22fa498ce0833a5289e') in 0.019094 seconds
  Import took 0.021775 seconds .

========================================================================
Received Import Request.
  Time since last request: 0.000406 seconds.
  path: Assets/Materials(textures)/Room_1_Floor.tga
  artifactKey: Guid(d0099cc4cd535b94bad97b08a2a4ccb4) Importer(815301076,1909f56bfc062723c751e8b465ee728b)
Start importing Assets/Materials(textures)/Room_1_Floor.tga using Guid(d0099cc4cd535b94bad97b08a2a4ccb4) Importer(815301076,1909f56bfc062723c751e8b465ee728b)  -> (artifact id: '3c691c9690bb8df83c30d566f45cf658') in 0.019773 seconds
  Import took 0.022026 seconds .

========================================================================
Received Import Request.
  Time since last request: 0.000439 seconds.
  path: Assets/Materials(textures)/Robo_Arms.tga
  artifactKey: Guid(d732c111a140cc7419ea35a698cead10) Importer(815301076,1909f56bfc062723c751e8b465ee728b)
Start importing Assets/Materials(textures)/Robo_Arms.tga using Guid(d732c111a140cc7419ea35a698cead10) Importer(815301076,1909f56bfc062723c751e8b465ee728b)  -> (artifact id: '6040a509a9137e051c48d17de73ea90e') in 0.022045 seconds
  Import took 0.024649 seconds .

========================================================================
Received Import Request.
  Time since last request: 0.000331 seconds.
  path: Assets/Materials(textures)/RightArm_Mat.mat
  artifactKey: Guid(237e472af6904e8429f3a7661eebed9a) Importer(815301076,1909f56bfc062723c751e8b465ee728b)
Start importing Assets/Materials(textures)/RightArm_Mat.mat using Guid(237e472af6904e8429f3a7661eebed9a) Importer(815301076,1909f56bfc062723c751e8b465ee728b)  -> (artifact id: '80814e0029442722c083b3015c198709') in 0.036764 seconds
  Import took 0.044399 seconds .

========================================================================
Received Import Request.
  Time since last request: 0.000762 seconds.
  path: Assets/Materials(textures)/Head_Mat.mat
  artifactKey: Guid(1466c91e7e9126646a68c25f946e9637) Importer(815301076,1909f56bfc062723c751e8b465ee728b)
Start importing Assets/Materials(textures)/Head_Mat.mat using Guid(1466c91e7e9126646a68c25f946e9637) Importer(815301076,1909f56bfc062723c751e8b465ee728b)  -> (artifact id: '612a05314743517417a75a98d366b610') in 0.040351 seconds
  Import took 0.044922 seconds .

========================================================================
Received Import Request.
  Time since last request: 0.000294 seconds.
  path: Assets/Materials(textures)/Room_3 floor.tga
  artifactKey: Guid(9ab1fdf1733ad3a409ccfb6d80e94c8d) Importer(815301076,1909f56bfc062723c751e8b465ee728b)
Start importing Assets/Materials(textures)/Room_3 floor.tga using Guid(9ab1fdf1733ad3a409ccfb6d80e94c8d) Importer(815301076,1909f56bfc062723c751e8b465ee728b)  -> (artifact id: '0b7300ddee3c1fffb2bed720a11075b6') in 0.034429 seconds
  Import took 0.041446 seconds .

========================================================================
Received Import Request.
  Time since last request: 0.000341 seconds.
  path: Assets/Materials(textures)/Hallway_MAT.mat
  artifactKey: Guid(dfcb184630e099940927a0c61a14b595) Importer(815301076,1909f56bfc062723c751e8b465ee728b)
Start importing Assets/Materials(textures)/Hallway_MAT.mat using Guid(dfcb184630e099940927a0c61a14b595) Importer(815301076,1909f56bfc062723c751e8b465ee728b)  -> (artifact id: '2b384ea8593b13d84a5e4c6d91a17bc1') in 0.029751 seconds
  Import took 0.033807 seconds .

========================================================================
Received Import Request.
  Time since last request: 0.000339 seconds.
  path: Assets/Materials(textures)/hallway_floor.tga
  artifactKey: Guid(3b7f0ff89e154e64c8031c6d6fa5017b) Importer(815301076,1909f56bfc062723c751e8b465ee728b)
Start importing Assets/Materials(textures)/hallway_floor.tga using Guid(3b7f0ff89e154e64c8031c6d6fa5017b) Importer(815301076,1909f56bfc062723c751e8b465ee728b)  -> (artifact id: '6141beda133c544d0b91fbd104ac6a63') in 0.027431 seconds
  Import took 0.030828 seconds .

========================================================================
Received Import Request.
  Time since last request: 0.000315 seconds.
  path: Assets/Materials(textures)/LeftArm_Mat.mat
  artifactKey: Guid(14b2d76aed7f5134da30659979fab246) Importer(815301076,1909f56bfc062723c751e8b465ee728b)
Start importing Assets/Materials(textures)/LeftArm_Mat.mat using Guid(14b2d76aed7f5134da30659979fab246) Importer(815301076,1909f56bfc062723c751e8b465ee728b)  -> (artifact id: '88d617e2908014752cef52b6fb54eb74') in 0.022777 seconds
  Import took 0.026331 seconds .

========================================================================
Received Import Request.
  Time since last request: 15.476326 seconds.
  path: Assets/Models/Pipes.fbx
  artifactKey: Guid(922b1fd8717ecbf4f9db5f0e2f0cf6c1) Importer(815301076,1909f56bfc062723c751e8b465ee728b)
Start importing Assets/Models/Pipes.fbx using Guid(922b1fd8717ecbf4f9db5f0e2f0cf6c1) Importer(815301076,1909f56bfc062723c751e8b465ee728b)  -> (artifact id: '73533bfc204ab6bfb0dbd3a0b2e34c44') in 0.088221 seconds
  Import took 0.092688 seconds .

========================================================================
Received Import Request.
  Time since last request: 59.601845 seconds.
  path: Assets/Models/Pipes.fbx
  artifactKey: Guid(922b1fd8717ecbf4f9db5f0e2f0cf6c1) Importer(815301076,1909f56bfc062723c751e8b465ee728b)
Start importing Assets/Models/Pipes.fbx using Guid(922b1fd8717ecbf4f9db5f0e2f0cf6c1) Importer(815301076,1909f56bfc062723c751e8b465ee728b)  -> (artifact id: '53a77271b6774fe204ca3b70c997c63c') in 0.077681 seconds
  Import took 0.083486 seconds .

========================================================================
Received Import Request.
  Time since last request: 102.176422 seconds.
  path: Assets/Models/BioSensor.fbx
  artifactKey: Guid(f02f4e406ed99db4b82f8fa889636036) Importer(815301076,1909f56bfc062723c751e8b465ee728b)
Start importing Assets/Models/BioSensor.fbx using Guid(f02f4e406ed99db4b82f8fa889636036) Importer(815301076,1909f56bfc062723c751e8b465ee728b)  -> (artifact id: '47d0af7de350b3652e934558e144933c') in 0.116789 seconds
  Import took 0.123162 seconds .

========================================================================
Received Import Request.
  Time since last request: 9.105851 seconds.
  path: Assets/Models/BioSensor.fbx
  artifactKey: Guid(f02f4e406ed99db4b82f8fa889636036) Importer(815301076,1909f56bfc062723c751e8b465ee728b)
Start importing Assets/Models/BioSensor.fbx using Guid(f02f4e406ed99db4b82f8fa889636036) Importer(815301076,1909f56bfc062723c751e8b465ee728b)  -> (artifact id: '17768bdc3103c539add08b9fa24ccd21') in 0.119598 seconds
  Import took 0.124089 seconds .

========================================================================
Received Import Request.
  Time since last request: 9.354557 seconds.
  path: Assets/Models/Chair.fbx
  artifactKey: Guid(c63ae0c46cb37f74b94e66d67173c25f) Importer(815301076,1909f56bfc062723c751e8b465ee728b)
Start importing Assets/Models/Chair.fbx using Guid(c63ae0c46cb37f74b94e66d67173c25f) Importer(815301076,1909f56bfc062723c751e8b465ee728b)  -> (artifact id: '7bbc6b781f92ddc05fa8514e14d4bcb2') in 0.070749 seconds
  Import took 0.073830 seconds .

========================================================================
Received Import Request.
  Time since last request: 18.608918 seconds.
  path: Assets/Models/Chair.fbx
  artifactKey: Guid(c63ae0c46cb37f74b94e66d67173c25f) Importer(815301076,1909f56bfc062723c751e8b465ee728b)
Start importing Assets/Models/Chair.fbx using Guid(c63ae0c46cb37f74b94e66d67173c25f) Importer(815301076,1909f56bfc062723c751e8b465ee728b)  -> (artifact id: '607e229468cf09d990aa2d6ef8c6bf71') in 0.069899 seconds
  Import took 0.072854 seconds .

========================================================================
Received Import Request.
  Time since last request: 11.252280 seconds.
  path: Assets/Models/Chair.fbx
  artifactKey: Guid(c63ae0c46cb37f74b94e66d67173c25f) Importer(815301076,1909f56bfc062723c751e8b465ee728b)
Start importing Assets/Models/Chair.fbx using Guid(c63ae0c46cb37f74b94e66d67173c25f) Importer(815301076,1909f56bfc062723c751e8b465ee728b)  -> (artifact id: '8f809e9550c3b85281fff1755d9e6245') in 0.045320 seconds
  Import took 0.048507 seconds .

========================================================================
Received Import Request.
  Time since last request: 37.972560 seconds.
  path: Assets/Models/Desk.fbx
  artifactKey: Guid(5457f5224ddd28247b2f4e6f0d966fbb) Importer(815301076,1909f56bfc062723c751e8b465ee728b)
Start importing Assets/Models/Desk.fbx using Guid(5457f5224ddd28247b2f4e6f0d966fbb) Importer(815301076,1909f56bfc062723c751e8b465ee728b)  -> (artifact id: '4c16f4fc05437b509bf5a1a6de879922') in 0.172904 seconds
  Import took 0.175897 seconds .

========================================================================
Received Import Request.
  Time since last request: 22.071546 seconds.
  path: Assets/Models/Desk.fbx
  artifactKey: Guid(5457f5224ddd28247b2f4e6f0d966fbb) Importer(815301076,1909f56bfc062723c751e8b465ee728b)
Start importing Assets/Models/Desk.fbx using Guid(5457f5224ddd28247b2f4e6f0d966fbb) Importer(815301076,1909f56bfc062723c751e8b465ee728b)  -> (artifact id: '67d5642b8ae432db48b6e54da566fef1') in 0.054135 seconds
  Import took 0.059827 seconds .

========================================================================
Received Import Request.
  Time since last request: 7.117075 seconds.
  path: Assets/Models/Desk.fbx
  artifactKey: Guid(5457f5224ddd28247b2f4e6f0d966fbb) Importer(815301076,1909f56bfc062723c751e8b465ee728b)
Start importing Assets/Models/Desk.fbx using Guid(5457f5224ddd28247b2f4e6f0d966fbb) Importer(815301076,1909f56bfc062723c751e8b465ee728b)  -> (artifact id: 'c3caf64ca86aa4474b382da9a2a593c9') in 0.042925 seconds
  Import took 0.046166 seconds .

========================================================================
Received Import Request.
  Time since last request: 38.794680 seconds.
  path: Assets/Models/Door_Closed.fbx
  artifactKey: Guid(841f4c96ce22f0f4b9525c4053aa2339) Importer(815301076,1909f56bfc062723c751e8b465ee728b)
Start importing Assets/Models/Door_Closed.fbx using Guid(841f4c96ce22f0f4b9525c4053aa2339) Importer(815301076,1909f56bfc062723c751e8b465ee728b)  -> (artifact id: '56f2c13db49a59c55ffddae493721578') in 0.054908 seconds
  Import took 0.059166 seconds .

========================================================================
Received Import Request.
  Time since last request: 0.001972 seconds.
  path: Assets/Models/Door_Closed.fbx
  artifactKey: Guid(841f4c96ce22f0f4b9525c4053aa2339) Importer(815301076,1909f56bfc062723c751e8b465ee728b)
Start importing Assets/Models/Door_Closed.fbx using Guid(841f4c96ce22f0f4b9525c4053aa2339) Importer(815301076,1909f56bfc062723c751e8b465ee728b)  -> (artifact id: '56f2c13db49a59c55ffddae493721578') in 0.037745 seconds
  Import took 0.042518 seconds .

========================================================================
Received Import Request.
  Time since last request: 25.877025 seconds.
  path: Assets/Models/Level/Door_Closed.fbx
  artifactKey: Guid(841f4c96ce22f0f4b9525c4053aa2339) Importer(815301076,1909f56bfc062723c751e8b465ee728b)
Start importing Assets/Models/Level/Door_Closed.fbx using Guid(841f4c96ce22f0f4b9525c4053aa2339) Importer(815301076,1909f56bfc062723c751e8b465ee728b)  -> (artifact id: '0a5cdee5a54ee7dff902fcf5228b232b') in 0.059495 seconds
  Import took 0.062360 seconds .

========================================================================
Received Import Request.
  Time since last request: 9.164033 seconds.
  path: Assets/Models/Level/Door_Closed.fbx
  artifactKey: Guid(841f4c96ce22f0f4b9525c4053aa2339) Importer(815301076,1909f56bfc062723c751e8b465ee728b)
Start importing Assets/Models/Level/Door_Closed.fbx using Guid(841f4c96ce22f0f4b9525c4053aa2339) Importer(815301076,1909f56bfc062723c751e8b465ee728b)  -> (artifact id: '6e4f950940e9193349b3220d0a1616f7') in 0.047275 seconds
  Import took 0.051214 seconds .

========================================================================
Received Import Request.
  Time since last request: 33.063777 seconds.
  path: Assets/Models/Level/Doorway_Open.fbx
  artifactKey: Guid(192bf11e2a28d1d4280c8ae021d60ba0) Importer(815301076,1909f56bfc062723c751e8b465ee728b)
Start importing Assets/Models/Level/Doorway_Open.fbx using Guid(192bf11e2a28d1d4280c8ae021d60ba0) Importer(815301076,1909f56bfc062723c751e8b465ee728b)  -> (artifact id: '110913690f37f0fc540bb9b8752d52ac') in 0.072201 seconds
  Import took 0.075078 seconds .

========================================================================
Received Import Request.
  Time since last request: 29.686464 seconds.
  path: Assets/Models/Level/Doorway_Open.fbx
  artifactKey: Guid(192bf11e2a28d1d4280c8ae021d60ba0) Importer(815301076,1909f56bfc062723c751e8b465ee728b)
Start importing Assets/Models/Level/Doorway_Open.fbx using Guid(192bf11e2a28d1d4280c8ae021d60ba0) Importer(815301076,1909f56bfc062723c751e8b465ee728b)  -> (artifact id: '6e16dac09ce9e63648381624af6c1468') in 0.076392 seconds
  Import took 0.079220 seconds .

========================================================================
Received Import Request.
  Time since last request: 8.216420 seconds.
  path: Assets/Models/Level/Doorway_Open.fbx
  artifactKey: Guid(192bf11e2a28d1d4280c8ae021d60ba0) Importer(815301076,1909f56bfc062723c751e8b465ee728b)
Start importing Assets/Models/Level/Doorway_Open.fbx using Guid(192bf11e2a28d1d4280c8ae021d60ba0) Importer(815301076,1909f56bfc062723c751e8b465ee728b)  -> (artifact id: 'd8405779a0b81bf0775fa3f4eeebd575') in 0.047833 seconds
  Import took 0.050611 seconds .

========================================================================
Received Import Request.
  Time since last request: 17.779853 seconds.
  path: Assets/Models/Level/Wall_Panel.fbx
  artifactKey: Guid(c9159ba9250ea444da72c7508d14de44) Importer(815301076,1909f56bfc062723c751e8b465ee728b)
Start importing Assets/Models/Level/Wall_Panel.fbx using Guid(c9159ba9250ea444da72c7508d14de44) Importer(815301076,1909f56bfc062723c751e8b465ee728b)  -> (artifact id: '7665b28842b1cfcc8cf4eec21ad637d0') in 0.080415 seconds
  Import took 0.084295 seconds .

========================================================================
Received Import Request.
  Time since last request: 16.167808 seconds.
  path: Assets/Models/Level/Wall_Panel.fbx
  artifactKey: Guid(c9159ba9250ea444da72c7508d14de44) Importer(815301076,1909f56bfc062723c751e8b465ee728b)
Start importing Assets/Models/Level/Wall_Panel.fbx using Guid(c9159ba9250ea444da72c7508d14de44) Importer(815301076,1909f56bfc062723c751e8b465ee728b)  -> (artifact id: 'f96c921b8f9fa91de1b17c0b18404a50') in 0.085579 seconds
  Import took 0.089556 seconds .

========================================================================
Received Import Request.
  Time since last request: 7.488207 seconds.
  path: Assets/Models/Level/Wall_Panel.fbx
  artifactKey: Guid(c9159ba9250ea444da72c7508d14de44) Importer(815301076,1909f56bfc062723c751e8b465ee728b)
Start importing Assets/Models/Level/Wall_Panel.fbx using Guid(c9159ba9250ea444da72c7508d14de44) Importer(815301076,1909f56bfc062723c751e8b465ee728b)  -> (artifact id: '21348e4db38599e05fc909deb9a0b643') in 0.056248 seconds
  Import took 0.058841 seconds .

AssetImportWorkerClient::OnTransportError - code=2 error=End of file
